[backblue.gif]
[fade.gif]
[index.html]
[www.doenets.lk_443/assets/vendor/js/layout-helpers.js]
[www.doenets.lk_443/runtime.f390748d8234f5100c0d.js]
[www.doenets.lk_443/polyfills.4298fc0dd62fe01aeafe.js]
[www.doenets.lk_443/main.096c89b1433486fd7261.js]
[www.doenets.lk/index.html]
[www.doenets.lk_443/assets/vendor/fonts/fontawesome/fa-regular-400.eot]
[www.doenets.lk_443/assets/vendor/fonts/fontawesome/fa-regular-400d41d.eot]
[www.doenets.lk_443/assets/vendor/fonts/fontawesome/fa-regular-400.woff2]
[www.doenets.lk_443/assets/vendor/fonts/fontawesome/fa-regular-400.woff]
[www.doenets.lk_443/assets/vendor/fonts/fontawesome/fa-regular-400.ttf]
[www.doenets.lk_443/assets/vendor/fonts/fontawesome/fa-solid-900.eot]
[www.doenets.lk_443/assets/vendor/fonts/fontawesome/fa-solid-900d41d.eot]
[www.doenets.lk_443/assets/vendor/fonts/fontawesome/fa-solid-900.woff2]
[www.doenets.lk_443/assets/vendor/fonts/fontawesome/fa-solid-900.woff]
[www.doenets.lk_443/assets/vendor/fonts/fontawesome/fa-solid-900.ttf]
[www.doenets.lk_443/assets/vendor/fonts/fontawesome/fa-brands-400.eot]
[www.doenets.lk_443/assets/vendor/fonts/fontawesome/fa-brands-400d41d.eot]
[www.doenets.lk_443/assets/vendor/fonts/fontawesome/fa-brands-400.woff2]
[www.doenets.lk_443/assets/vendor/fonts/fontawesome/fa-brands-400.woff]
[www.doenets.lk_443/assets/vendor/fonts/fontawesome/fa-brands-400.ttf]
[www.doenets.lk_443/assets/vendor/fonts/fontawesome.css]
[www.doenets.lk_443/assets/vendor/fonts/ionicons/ioniconsc8f5.eot]
[www.doenets.lk_443/assets/vendor/fonts/ionicons/ioniconsc8f5.woff]
[www.doenets.lk_443/assets/vendor/fonts/ionicons/ioniconsc8f5.ttf]
[www.doenets.lk_443/assets/vendor/fonts/ionicons.css]
[www.doenets.lk_443/assets/css/animate.min.css]
[www.doenets.lk_443/images/client/BannerXl.jpg]
[www.doenets.lk_443/images/client/Banner_XXL_Monitor.jpg]
[www.doenets.lk_443/images/client/BannerMobile.jpg]
[www.doenets.lk_443/MaterialIcons-Regular.e79bfd88537def47691389bf.eot]
[www.doenets.lk_443/MaterialIcons-Regular.29e1bb4218f492854c1689bf.woff2]
[www.doenets.lk_443/MaterialIcons-Regular.3c3d0242794b4682460a89bf.woff]
[www.doenets.lk_443/MaterialIcons-Regular.a37b0c01c0baf1888ca889bf.ttf]
[www.doenets.lk_443/styles.85ae39be287006094234.css]
[www.doenets.lk_443/assets/vendor/fonts/fontawesome/fa-regular-400.svg]
[www.doenets.lk_443/assets/vendor/fonts/fontawesome/fa-solid-900.svg]
[www.doenets.lk_443/assets/vendor/fonts/fontawesome/fa-brands-400.svg]
[www.doenets.lk_443/assets/vendor/fonts/ionicons/ioniconsc8f5.svg]
[www.doenets.lk_443/MaterialIcons-Regular.a1adea65594c502f9d9489bf.svg]
